<?xml version="1.0" encoding="UTF-8"?>
<testng-results skipped="0" failed="0" total="1" passed="1">
  <reporter-output>
  </reporter-output>
  <suite name="Suite1" duration-ms="10112" started-at="2021-02-04T07:44:55Z" finished-at="2021-02-04T07:45:05Z">
    <groups>
    </groups>
    <test name="test1" duration-ms="10112" started-at="2021-02-04T07:44:55Z" finished-at="2021-02-04T07:45:05Z">
      <class name="Antony.SeleniumTest">
        <test-method status="PASS" signature="initialize()[pri:0, instance:Antony.SeleniumTest@18be83e4]" name="initialize" is-config="true" duration-ms="6841" started-at="2021-02-04T13:14:48Z" finished-at="2021-02-04T13:14:55Z">
          <reporter-output>
          </reporter-output>
        </test-method> <!-- initialize -->
        <test-method status="PASS" signature="init()[pri:0, instance:Antony.SeleniumTest@18be83e4]" name="init" duration-ms="10102" started-at="2021-02-04T13:14:55Z" finished-at="2021-02-04T13:15:05Z">
          <reporter-output>
          </reporter-output>
        </test-method> <!-- init -->
        <test-method status="PASS" signature="TeardownTest()[pri:0, instance:Antony.SeleniumTest@18be83e4]" name="TeardownTest" is-config="true" duration-ms="886" started-at="2021-02-04T13:15:05Z" finished-at="2021-02-04T13:15:06Z">
          <reporter-output>
          </reporter-output>
        </test-method> <!-- TeardownTest -->
      </class> <!-- Antony.SeleniumTest -->
    </test> <!-- test1 -->
  </suite> <!-- Suite1 -->
</testng-results>
